<?xml version="1.0" encoding="UTF-8"?>
<!-- Generated by org.testng.reporters.JUnitXMLReporter -->
<testsuite ignored="0" hostname="WKWZTmLsfr3dx3L" failures="0" tests="11" name="Test" time="26.967" errors="0" timestamp="2022-11-23T16:37:16 IST">
  <testcase classname="Report.MyFirstTestNGTest" name="createAccount" time="0.004"/>
  <testcase classname="Report.MyFirstTestNGTest" name="deleteAccount" time="0.0"/>
  <testcase classname="Report.MyFirstTestNGTest" name="login" time="0.0"/>
  <testcase classname="Report.cd" name="Create" time="5.265"/>
  <testcase classname="Report.AssertionDemo" name="login" time="0.001"/>
  <testcase classname="Report.AssertionDemo" name="logOutApplication" time="0.0"/>
  <testcase classname="Report.TestClass1" name="InvalidUsernameInvalidPassword" time="0.866"/>
  <testcase classname="Report.TestClass1" name="InvalidUsernamevalidPassword" time="0.751"/>
  <testcase classname="Report.TestClass1" name="noDetails" time="0.092"/>
  <testcase classname="Report.TestClass1" name="validCredentials" time="3.466"/>
  <testcase classname="Report.TestClass1" name="validUsernameInvalidPassword" time="1.309"/>
</testsuite> <!-- Test -->
