<?xml version="1.0" encoding="UTF-8"?>
<testng-results ignored="0" total="1" passed="1" failed="0" skipped="0">
  <reporter-output>
  </reporter-output>
  <suite started-at="2022-11-25T08:29:53 IST" name="Default suite" finished-at="2022-11-25T08:30:08 IST" duration-ms="15279">
    <groups>
    </groups>
    <test started-at="2022-11-25T08:29:53 IST" name="Default test" finished-at="2022-11-25T08:30:08 IST" duration-ms="15279">
      <class name="day5.FileUpload">
        <test-method signature="test()[pri:0, instance:day5.FileUpload@4efc180e]" started-at="2022-11-25T08:29:53 IST" name="test" finished-at="2022-11-25T08:30:08 IST" duration-ms="15245" status="PASS">
          <reporter-output>
          </reporter-output>
        </test-method> <!-- test -->
      </class> <!-- day5.FileUpload -->
    </test> <!-- Default test -->
  </suite> <!-- Default suite -->
</testng-results>
